<?xml version="1.0" encoding="UTF-8"?>
<!-- Generated by org.testng.reporters.JUnitXMLReporter -->
<testsuite ignored="0" hostname="DuraiCivil" failures="2" tests="2" name="Test" time="0.05" errors="0" timestamp="2025-09-12T13:38:38 IST">
  <testcase classname="mytests.MYClass2" name="m6" time="0.014">
    <failure type="java.lang.AssertionError" message="expected [false] but found [true]">
      <![CDATA[java.lang.AssertionError: expected [false] but found [true]
at mytests.MYClass2.m6(MYClass2.java:11)
at java.base/java.util.ArrayList.forEach(ArrayList.java:1511)
... Removed 31 stack frames]]>
    </failure>
  </testcase> <!-- m6 -->
  <testcase classname="mytests.MYClass2" name="m7" time="0.001">
    <failure type="java.lang.AssertionError" message="expected [true] but found [false]">
      <![CDATA[java.lang.AssertionError: expected [true] but found [false]
at mytests.MYClass2.m7(MYClass2.java:15)
at java.base/java.util.ArrayList.forEach(ArrayList.java:1511)
... Removed 31 stack frames]]>
    </failure>
  </testcase> <!-- m7 -->
</testsuite> <!-- Test -->
